d:\download\gameeditor-master\output\debug\gamecore\gamecore.pdb
d:\download\gameeditor-master\output\debug\gamecore\gamecore.idb
d:\download\gameeditor-master\output\debug\gamecore\tinystr.obj
d:\download\gameeditor-master\output\debug\gamecore\timer.obj
d:\download\gameeditor-master\output\debug\gamecore\staticmeshcomponent.obj
d:\download\gameeditor-master\output\debug\gamecore\skeletalmeshcomponent.obj
d:\download\gameeditor-master\output\debug\gamecore\rendersystem.obj
d:\download\gameeditor-master\output\debug\gamecore\meshcomponent.obj
d:\download\gameeditor-master\output\debug\gamecore\lightsystem.obj
d:\download\gameeditor-master\output\debug\gamecore\landscape.obj
d:\download\gameeditor-master\output\debug\gamecore\input.obj
d:\download\gameeditor-master\output\debug\gamecore\gameworld.obj
d:\download\gameeditor-master\output\debug\gamecore\gamecore.obj
d:\download\gameeditor-master\output\debug\gamecore\fmodsoundmanager.obj
d:\download\gameeditor-master\output\debug\gamecore\fmodsound.obj
d:\download\gameeditor-master\output\debug\gamecore\dxtexturemanager.obj
d:\download\gameeditor-master\output\debug\gamecore\dxtexture.obj
d:\download\gameeditor-master\output\debug\gamecore\dxshadermanager.obj
d:\download\gameeditor-master\output\debug\gamecore\dxsamplerstate.obj
d:\download\gameeditor-master\output\debug\gamecore\dxrendertarget.obj
d:\download\gameeditor-master\output\debug\gamecore\dxdevice.obj
d:\download\gameeditor-master\output\debug\gamecore\camera.obj
d:\download\gameeditor-master\output\debug\gamecore\world.obj
d:\download\gameeditor-master\output\debug\gamecore\windowsclient.obj
d:\download\gameeditor-master\output\debug\gamecore\tinyxmlparser.obj
d:\download\gameeditor-master\output\debug\gamecore\tinyxmlerror.obj
d:\download\gameeditor-master\output\debug\gamecore\tinyxml.obj
d:\download\gameeditor-master\output\debug\gamecore\cs_landscapesplatting.cso
d:\download\gameeditor-master\output\debug\gamecore\gs_landscape.cso
d:\download\gameeditor-master\output\debug\gamecore\ps_default.cso
d:\download\gameeditor-master\output\debug\gamecore\ps_landscape.cso
d:\download\gameeditor-master\output\debug\gamecore\ps_light.cso
d:\download\gameeditor-master\output\debug\gamecore\vs_landscapesplatting.cso
d:\download\gameeditor-master\output\debug\gamecore\vs_skeletalmesh.cso
d:\download\gameeditor-master\output\debug\gamecore\vs_staticmesh.cso
d:\download\gameeditor-master\gameeditor-master\gamecore\gamecore_d.lib
d:\download\gameeditor-master\output\debug\gamecore\gamecore.tlog\cl.command.1.tlog
d:\download\gameeditor-master\output\debug\gamecore\gamecore.tlog\cl.read.1.tlog
d:\download\gameeditor-master\output\debug\gamecore\gamecore.tlog\cl.write.1.tlog
d:\download\gameeditor-master\output\debug\gamecore\gamecore.tlog\fxc.command.1.tlog
d:\download\gameeditor-master\output\debug\gamecore\gamecore.tlog\fxc.read.1.tlog
d:\download\gameeditor-master\output\debug\gamecore\gamecore.tlog\fxc.write.1.tlog
d:\download\gameeditor-master\output\debug\gamecore\gamecore.tlog\lib-link.read.1.tlog
d:\download\gameeditor-master\output\debug\gamecore\gamecore.tlog\lib-link.write.1.tlog
d:\download\gameeditor-master\output\debug\gamecore\gamecore.tlog\lib.command.1.tlog
