d:\download\gameeditor-master\output\debug\basecore\basecore.pdb
d:\download\gameeditor-master\output\debug\basecore\basecore.idb
d:\download\gameeditor-master\output\debug\basecore\windowsclient.obj
d:\download\gameeditor-master\output\debug\basecore\timer.obj
d:\download\gameeditor-master\output\debug\basecore\input.obj
d:\download\gameeditor-master\output\debug\basecore\fmodsoundmanager.obj
d:\download\gameeditor-master\output\debug\basecore\fmodsound.obj
d:\download\gameeditor-master\output\debug\basecore\dxtexturemanager.obj
d:\download\gameeditor-master\output\debug\basecore\dxtexture.obj
d:\download\gameeditor-master\output\debug\basecore\dxshadermanager.obj
d:\download\gameeditor-master\output\debug\basecore\dxsamplerstate.obj
d:\download\gameeditor-master\output\debug\basecore\dxdevice.obj
d:\download\gameeditor-master\output\debug\basecore\basecore.obj
d:\download\gameeditor-master\gameeditor-master\basecore\basecore.lib
d:\download\gameeditor-master\output\debug\basecore\basecore.tlog\cl.command.1.tlog
d:\download\gameeditor-master\output\debug\basecore\basecore.tlog\cl.read.1.tlog
d:\download\gameeditor-master\output\debug\basecore\basecore.tlog\cl.write.1.tlog
d:\download\gameeditor-master\output\debug\basecore\basecore.tlog\lib-link.read.1.tlog
d:\download\gameeditor-master\output\debug\basecore\basecore.tlog\lib-link.write.1.tlog
d:\download\gameeditor-master\output\debug\basecore\basecore.tlog\lib.command.1.tlog
