d:\download\gameeditor-master\output\debug\editorcore\editorcore.pdb
d:\download\gameeditor-master\output\debug\editorcore\editorcore.idb
d:\download\gameeditor-master\output\debug\editorcore\editorcore.obj
d:\download\gameeditor-master\output\debug\editorcore\dxrendertarget.obj
d:\download\gameeditor-master\output\debug\editorcore\cs_landscapesplatting.cso
d:\download\gameeditor-master\output\debug\editorcore\gs_landscape.cso
d:\download\gameeditor-master\output\debug\editorcore\ps_default.cso
d:\download\gameeditor-master\output\debug\editorcore\ps_landscape.cso
d:\download\gameeditor-master\output\debug\editorcore\ps_light.cso
d:\download\gameeditor-master\output\debug\editorcore\ps_nontexturedui.cso
d:\download\gameeditor-master\output\debug\editorcore\ps_texturedui.cso
d:\download\gameeditor-master\output\debug\editorcore\vs_normalmapstaticmesh.cso
d:\download\gameeditor-master\output\debug\editorcore\vs_skeletalmesh.cso
d:\download\gameeditor-master\output\debug\editorcore\vs_staticmesh.cso
d:\download\gameeditor-master\output\debug\editorcore\vs_userinterface.cso
d:\download\gameeditor-master\gameeditor-master\editorcore\editorcore.lib
d:\download\gameeditor-master\output\debug\editorcore\editorcore.tlog\cl.command.1.tlog
d:\download\gameeditor-master\output\debug\editorcore\editorcore.tlog\cl.read.1.tlog
d:\download\gameeditor-master\output\debug\editorcore\editorcore.tlog\cl.write.1.tlog
d:\download\gameeditor-master\output\debug\editorcore\editorcore.tlog\fxc.command.1.tlog
d:\download\gameeditor-master\output\debug\editorcore\editorcore.tlog\fxc.read.1.tlog
d:\download\gameeditor-master\output\debug\editorcore\editorcore.tlog\fxc.write.1.tlog
d:\download\gameeditor-master\output\debug\editorcore\editorcore.tlog\lib-link.read.1.tlog
d:\download\gameeditor-master\output\debug\editorcore\editorcore.tlog\lib-link.write.1.tlog
d:\download\gameeditor-master\output\debug\editorcore\editorcore.tlog\lib.command.1.tlog
